<?xml version="1.0" encoding="UTF-8"?>
<!-- Generated by org.testng.reporters.JUnitReportReporter -->
<testsuite hostname="DESKTOP-ERSJ095" failures="0" tests="2" name="com.djapp.tests.LoginDJTest" time="34.782" errors="0" timestamp="25 Oct 2024 05:44:32 GMT">
  <testcase classname="com.djapp.tests.LoginDJTest" name="validateEmptyCredencialsDJApp" time="20.241"/>
  <testcase classname="com.djapp.tests.LoginDJTest" name="validateSuccessLoginDJApp" time="14.541"/>
</testsuite> <!-- com.djapp.tests.LoginDJTest -->
