<?xml version="1.0" encoding="UTF-8"?>
<!-- Generated by org.testng.reporters.JUnitReportReporter -->
<testsuite hostname="DESKTOP-00SI2Q6" failures="0" tests="1" name="com.djapp.tests.LoginDJTest" time="9.651" errors="0" timestamp="8 Nov 2024 05:23:55 GMT">
  <testcase classname="com.djapp.tests.LoginDJTest" name="validateSuccessLoginDJApp" time="9.651"/>
</testsuite> <!-- com.djapp.tests.LoginDJTest -->
