<?xml version="1.0" encoding="UTF-8"?>
<!-- Generated by org.testng.reporters.JUnitReportReporter -->
<testsuite hostname="LAPTOP-TV31MTHB" failures="0" tests="1" name="com.djapp.tests.LoginDJTest" time="12.392" errors="0" timestamp="15 Nov 2024 05:37:43 GMT">
  <testcase classname="com.djapp.tests.LoginDJTest" name="validateSuccessLoginDJApp" time="12.392"/>
</testsuite> <!-- com.djapp.tests.LoginDJTest -->
