<?xml version="1.0" encoding="UTF-8"?>
<!-- Generated by org.testng.reporters.JUnitReportReporter -->
<testsuite hostname="DESKTOP-ERSJ095" failures="0" tests="1" name="com.djapp.tests.WelcomePageTest" time="16.556" errors="0" timestamp="25 Oct 2024 06:25:28 GMT">
  <testcase classname="com.djapp.tests.WelcomePageTest" name="validateJobSearch" time="16.556"/>
</testsuite> <!-- com.djapp.tests.WelcomePageTest -->
