<?xml version="1.0" encoding="UTF-8"?>
<!-- Generated by org.testng.reporters.JUnitReportReporter -->
<testsuite hostname="DESKTOP-00SI2Q6" failures="0" tests="1" name="com.djapp.tests.WelcomePageTest" time="15.372" errors="0" timestamp="9 Nov 2024 00:15:36 GMT">
  <testcase classname="com.djapp.tests.WelcomePageTest" name="validateJobSearch" time="15.372"/>
</testsuite> <!-- com.djapp.tests.WelcomePageTest -->
