<?xml version="1.0" encoding="UTF-8"?>
<!-- Generated by org.testng.reporters.JUnitReportReporter -->
<testsuite hostname="DESKTOP-00SI2Q6" failures="0" tests="1" name="com.djapp.tests.LoginDJTest" time="6.287" errors="0" timestamp="18 Oct 2024 01:16:43 GMT">
  <testcase classname="com.djapp.tests.LoginDJTest" name="validateSuccessLoginDJApp" time="6.287"/>
</testsuite> <!-- com.djapp.tests.LoginDJTest -->
