<?xml version="1.0" encoding="UTF-8"?>
<!-- Generated by org.testng.reporters.JUnitReportReporter -->
<testsuite hostname="DESKTOP-00SI2Q6" failures="0" tests="1" name="com.djapp.tests.LoginDJTest" time="3.903" errors="0" timestamp="18 Oct 2024 01:24:18 GMT">
  <testcase classname="com.djapp.tests.LoginDJTest" name="validateSuccessLoginDJApp" time="3.903"/>
</testsuite> <!-- com.djapp.tests.LoginDJTest -->
